<?xml version="1.0" encoding="UTF-8"?>
<testsuite name="chapter2.RemoveDuplicateNodesTest" tests="1" skipped="0" failures="0" errors="0" timestamp="2022-10-11T17:10:57" hostname="DESKTOP-PC9FORQ" time="0.066">
  <properties/>
  <testcase name="testRemoveDuplicatesWithoutBuffer()" classname="chapter2.RemoveDuplicateNodesTest" time="0.066"/>
  <system-out><![CDATA[]]></system-out>
  <system-err><![CDATA[]]></system-err>
</testsuite>
